<?xml version="1.0" encoding="UTF-8"?>
<!-- Generated by org.testng.reporters.JUnitReportReporter -->
<testsuite hostname="Akashs-MacBook-Pro.local" failures="0" tests="1" name="com.browserstack.SingleTest" time="16.153" errors="0" timestamp="15 Nov 2018 07:37:24 GMT">
  <testcase classname="com.browserstack.SingleTest" name="test" time="16.153"/>
</testsuite> <!-- com.browserstack.SingleTest -->
